<?xml version="1.0" encoding="UTF-8"?>
<!-- Generated by org.testng.reporters.JUnitXMLReporter -->
<testsuite ignored="0" hostname="DESKTOP-26B5BFK" failures="0" tests="5" name="Default test" time="111.197" errors="0" timestamp="2022-09-24T21:57:40 ICT">
  <testcase classname="ujian.ujiankelima.runner.TestGoogleNews" name="testGoToPageHeadLines" time="7.902"/>
  <testcase classname="ujian.ujiankelima.runner.TestGoogleNews" name="testGoToPageFollowing" time="34.407"/>
  <testcase classname="ujian.ujiankelima.runner.TestGoogleNews" name="testGoToPageNewsstand" time="36.417"/>
  <testcase classname="ujian.ujiankelima.runner.TestGoogleNews" name="testGoToPageSetting" time="8.62"/>
  <testcase classname="ujian.ujiankelima.runner.TestGoogleNews" name="testGoToHelp" time="6.304"/>
</testsuite> <!-- Default test -->
