<?xml version="1.0" encoding="UTF-8"?>
<!-- Generated by org.testng.reporters.JUnitXMLReporter -->
<testsuite ignored="0" hostname="RushTen" failures="0" tests="5" name="Default test" time="97.901" errors="0" timestamp="2022-09-24T21:19:55 ICT">
  <testcase classname="ujian.ujiankelima.runner.TestGoogleNews" name="testGoToPageHeadLines" time="7.08"/>
  <testcase classname="ujian.ujiankelima.runner.TestGoogleNews" name="testGoToPageFollowing" time="34.12"/>
  <testcase classname="ujian.ujiankelima.runner.TestGoogleNews" name="testGoToPageNewsstand" time="35.791"/>
  <testcase classname="ujian.ujiankelima.runner.TestGoogleNews" name="testGoToPageSetting" time="8.218"/>
  <testcase classname="ujian.ujiankelima.runner.TestGoogleNews" name="testGoToHelp" time="6.104"/>
</testsuite> <!-- Default test -->
